# JRE version: Java(TM) SE Runtime Environment (7.0_40-b43) (build 1.7.0_40-b43)
# Java VM: Java HotSpot(TM) 64-Bit Server VM (24.0-b56 mixed mode windows-amd64 compressed oops)
Heap
 PSYoungGen      total 18432K, used 6591K [0x00000000ebb00000, 0x00000000ecf80000, 0x0000000100000000)
  eden space 15872K, 32% used [0x00000000ebb00000,0x00000000ec002b08,0x00000000eca80000)
  from space 2560K, 57% used [0x00000000ecd00000,0x00000000ece6d420,0x00000000ecf80000)
  to   space 2560K, 0% used [0x00000000eca80000,0x00000000eca80000,0x00000000ecd00000)
 ParOldGen       total 41472K, used 463K [0x00000000c3200000, 0x00000000c5a80000, 0x00000000ebb00000)
  object space 41472K, 1% used [0x00000000c3200000,0x00000000c3273f18,0x00000000c5a80000)
 PSPermGen       total 21504K, used 7993K [0x00000000be000000, 0x00000000bf500000, 0x00000000c3200000)
  object space 21504K, 37% used [0x00000000be000000,0x00000000be7ce748,0x00000000bf500000)
GC Heap History (4 events):
Event: 9.282 GC heap before
{Heap before GC invocations=1 (full 0):
 PSYoungGen      total 18432K, used 15872K [0x00000000ebb00000, 0x00000000ecf80000, 0x0000000100000000)
  eden space 15872K, 100% used [0x00000000ebb00000,0x00000000eca80000,0x00000000eca80000)
  from space 2560K, 0% used [0x00000000ecd00000,0x00000000ecd00000,0x00000000ecf80000)
  to   space 2560K, 0% used [0x00000000eca80000,0x00000000eca80000,0x00000000ecd00000)
 ParOldGen       total 41472K, used 0K [0x00000000c3200000, 0x00000000c5a80000, 0x00000000ebb00000)
  object space 41472K, 0% used [0x00000000c3200000,0x00000000c3200000,0x00000000c5a80000)
 PSPermGen       total 21504K, used 5985K [0x00000000be000000, 0x00000000bf500000, 0x00000000c3200000)
  object space 21504K, 27% used [0x00000000be000000,0x00000000be5d86e0,0x00000000bf500000)
Event: 9.289 GC heap after
Heap after GC invocations=1 (full 0):
 PSYoungGen      total 18432K, used 2531K [0x00000000ebb00000, 0x00000000ecf80000, 0x0000000100000000)
  eden space 15872K, 0% used [0x00000000ebb00000,0x00000000ebb00000,0x00000000eca80000)
  from space 2560K, 98% used [0x00000000eca80000,0x00000000eccf8f68,0x00000000ecd00000)
  to   space 2560K, 0% used [0x00000000ecd00000,0x00000000ecd00000,0x00000000ecf80000)
 ParOldGen       total 41472K, used 455K [0x00000000c3200000, 0x00000000c5a80000, 0x00000000ebb00000)
  object space 41472K, 1% used [0x00000000c3200000,0x00000000c3271f18,0x00000000c5a80000)
 PSPermGen       total 21504K, used 5985K [0x00000000be000000, 0x00000000bf500000, 0x00000000c3200000)
  object space 21504K, 27% used [0x00000000be000000,0x00000000be5d86e0,0x00000000bf500000)
}
Event: 82.639 GC heap before
{Heap before GC invocations=2 (full 0):
 PSYoungGen      total 18432K, used 18403K [0x00000000ebb00000, 0x00000000ecf80000, 0x0000000100000000)
  eden space 15872K, 100% used [0x00000000ebb00000,0x00000000eca80000,0x00000000eca80000)
  from space 2560K, 98% used [0x00000000eca80000,0x00000000eccf8f68,0x00000000ecd00000)
  to   space 2560K, 0% used [0x00000000ecd00000,0x00000000ecd00000,0x00000000ecf80000)
 ParOldGen       total 41472K, used 455K [0x00000000c3200000, 0x00000000c5a80000, 0x00000000ebb00000)
  object space 41472K, 1% used [0x00000000c3200000,0x00000000c3271f18,0x00000000c5a80000)
 PSPermGen       total 21504K, used 6131K [0x00000000be000000, 0x00000000bf500000, 0x00000000c3200000)
  object space 21504K, 28% used [0x00000000be000000,0x00000000be5fcc18,0x00000000bf500000)
Event: 82.644 GC heap after
Heap after GC invocations=2 (full 0):
 PSYoungGen      total 18432K, used 1461K [0x00000000ebb00000, 0x00000000ecf80000, 0x0000000100000000)
  eden space 15872K, 0% used [0x00000000ebb00000,0x00000000ebb00000,0x00000000eca80000)
  from space 2560K, 57% used [0x00000000ecd00000,0x00000000ece6d420,0x00000000ecf80000)
  to   space 2560K, 0% used [0x00000000eca80000,0x00000000eca80000,0x00000000ecd00000)
 ParOldGen       total 41472K, used 463K [0x00000000c3200000, 0x00000000c5a80000, 0x00000000ebb00000)
  object space 41472K, 1% used [0x00000000c3200000,0x00000000c3273f18,0x00000000c5a80000)
 PSPermGen       total 21504K, used 6131K [0x00000000be000000, 0x00000000bf500000, 0x00000000c3200000)
  object space 21504K, 28% used [0x00000000be000000,0x00000000be5fcc18,0x00000000bf500000)
}

